<?xml version="1.0" encoding="UTF-8" standalone="no"?>
<testsuite errors="0" failures="0" name="io.cucumber.core.plugin.JUnitFormatter" skipped="0" tests="2" time="0.533">
    <testcase classname="Check homepage functionality" name="check logout link" time="0.083">
        <system-out><![CDATA[Given user is on loginpage..................................................passed
When user enter username and password.......................................passed
And user clicks on login btn................................................passed
Then user is navigated to homepage..........................................passed
When user clicks on welcome link............................................passed
Then logout link is displayed...............................................passed
]]></system-out>
    </testcase>
    <testcase classname="Check homepage functionality" name="verify quick launch toolbar is present" time="0.004">
        <system-out><![CDATA[Given user is on loginpage..................................................passed
When user enter username and password.......................................passed
And user clicks on login btn................................................passed
Then user is navigated to homepage..........................................passed
When user clicks on dashboard link..........................................passed
Then quick launch toolbar is displayed......................................passed
]]></system-out>
    </testcase>
</testsuite>
